<?xml version="1.0" encoding="UTF-8"?>
<!-- Generated by org.testng.reporters.JUnitReportReporter -->
<testsuite hostname="HaPC.local" name="com.itson.myaccount.MyAccountProfileTestSuite" tests="6" failures="0" timestamp="22 May 2015 03:53:01 GMT" time="284.825" errors="0">
  <testcase name="checkAccountHolderInformation" time="4.649" classname="com.itson.myaccount.MyAccountProfileTestSuite"/>
  <testcase name="checkAccountHolderInformationInEdit" time="6.757" classname="com.itson.myaccount.MyAccountProfileTestSuite"/>
  <testcase name="changePasswordCancel" time="33.730" classname="com.itson.myaccount.MyAccountProfileTestSuite"/>
  <testcase name="editAccountHolderInformationCancel" time="28.796" classname="com.itson.myaccount.MyAccountProfileTestSuite"/>
  <testcase name="changePassword" time="113.403" classname="com.itson.myaccount.MyAccountProfileTestSuite"/>
  <testcase name="editAccountHolderInformation" time="97.490" classname="com.itson.myaccount.MyAccountProfileTestSuite"/>
</testsuite> <!-- com.itson.myaccount.MyAccountProfileTestSuite -->
